[2025-12-13 04:37:18][INFO] Supplier created. ID: 9
[2025-12-13 04:37:28][INFO] Supplier created. ID: 10
[2025-12-13 04:37:47][INFO] Supplier updated. ID: 1
[2025-12-13 04:38:23][INFO] Supplier updated. ID: 1
[2025-12-13 04:39:03][ERROR] ProductController@create: Column 'Category' cannot be null
[2025-12-13 04:39:20][ERROR] ProductController@create: Column 'Category' cannot be null
[2025-12-13 04:39:46][INFO] Product updated. ID: 1
[2025-12-13 04:40:01][INFO] Product updated. ID: 1
[2025-12-13 04:40:28][INFO] PurchaseOrder created. ID: 12
[2025-12-13 04:40:48][INFO] PurchaseOrder updated. ID: 1
[2025-12-13 04:41:20][ERROR] ProductController@create: Column 'Category' cannot be null
[2025-12-13 04:42:13][INFO] Product created. ID: 32
[2025-12-14 03:36:34][ERROR] SupplierController@create: Data truncated for column 'Status' at row 1
[2025-12-14 03:38:50][INFO] Supplier created. ID: 11
[2025-12-14 03:41:45][ERROR] ProductController@create: Unknown column 'InStock' in 'field list'
[2025-12-14 03:56:32][INFO] Product created. ID: 33
[2025-12-14 04:01:56][ERROR] PurchaseOrderController@create: Table 'inventory-procurement-spa.orderitems' doesn't exist
[2025-12-14 04:04:37][ERROR] PurchaseOrderController@create: Table 'inventory-procurement-spa.orderitems' doesn't exist
[2025-12-14 04:08:02][ERROR] PurchaseOrderController@create: Unknown column 'UnitPrice' in 'field list'
[2025-12-14 04:10:45][ERROR] PurchaseOrderController@create: Unknown column 'Unit_Price' in 'field list'
[2025-12-14 04:11:22][ERROR] PurchaseOrderController@create: Unknown column 'unitPrice' in 'field list'
[2025-12-14 04:12:12][ERROR] PurchaseOrderController@create: Unknown column 'unitPrice' in 'field list'
[2025-12-14 04:13:47][ERROR] PurchaseOrderController@create: Unknown column 'unitPrice' in 'field list'
[2025-12-14 04:16:58][ERROR] PurchaseOrderController@create: Unknown column 'Unit_Price' in 'field list'
[2025-12-14 04:17:01][ERROR] PurchaseOrderController@create: Unknown column 'Unit_Price' in 'field list'
[2025-12-14 04:17:17][ERROR] PurchaseOrderController@create: Unknown column 'Unit_Price' in 'field list'
[2025-12-14 04:19:08][INFO] PurchaseOrder created. ID: 23
[2025-12-14 04:20:03][ERROR] PurchaseOrderController@create: Cannot add or update a child row: a foreign key constraint fails (`inventory-procurement-spa`.`purchaseorder`, CONSTRAINT `PurchaseOder_SupplierId` FOREIGN KEY (`SupplierId`) REFERENCES `suppliers` (`SupplierId`) ON DELETE RESTRICT ON UPDATE CASCADE)
[2025-12-14 04:20:27][ERROR] PurchaseOrderController@create: Cannot add or update a child row: a foreign key constraint fails (`inventory-procurement-spa`.`purchaseorder`, CONSTRAINT `PurchaseOder_SupplierId` FOREIGN KEY (`SupplierId`) REFERENCES `suppliers` (`SupplierId`) ON DELETE RESTRICT ON UPDATE CASCADE)
[2025-12-14 04:20:50][INFO] PurchaseOrder created. ID: 26
[2025-12-14 04:30:42][INFO] Product updated. ID: 26
[2025-12-14 04:30:55][INFO] Product updated. ID: 26
[2025-12-14 06:13:09][INFO] Supplier created. ID: 12
[2025-12-14 06:14:04][INFO] Product created. ID: 34
